<?xml version="1.0" encoding="UTF-8"?>
<!-- Generated by org.testng.reporters.JUnitReportReporter -->
<testsuite hostname="DESKTOP-KM1M7V7" failures="0" tests="3" name="testNGBasic.CDWithiListener" time="34.132" errors="1" timestamp="2024-07-29T14:09:43 IST" skipped="1">
  <testcase classname="testNGBasic.CDWithiListener" name="csk" time="0.000">
    <skipped/>
  </testcase> <!-- csk -->
  <testcase classname="testNGBasic.CDWithiListener" name="dominos" time="33.100">
    <system-out>
      <![CDATA[dominosis executed
My stomach is Hungry]]>
    </system-out>
  </testcase> <!-- dominos -->
  <testcase classname="testNGBasic.CDWithiListener" name="rcb" time="1.032">
    <error message="Method testNGBasic.CDWithiListener.rcb() didn&#039;t finish within the time-out 1000" type="org.testng.internal.thread.ThreadTimeoutException">
      <![CDATA[org.testng.internal.thread.ThreadTimeoutException: Method testNGBasic.CDWithiListener.rcb() didn't finish within the time-out 1000
at java.base/java.lang.ProcessImpl.waitForTimeoutInterruptibly(Native Method)
at java.base/java.lang.ProcessImpl.waitFor(ProcessImpl.java:598)
at org.openqa.selenium.os.ExternalProcess.waitFor(ExternalProcess.java:264)
at org.openqa.selenium.manager.SeleniumManager.runCommand(SeleniumManager.java:128)
at org.openqa.selenium.manager.SeleniumManager.getDriverPath(SeleniumManager.java:299)
at org.openqa.selenium.remote.service.DriverFinder.getPath(DriverFinder.java:22)
at org.openqa.selenium.remote.service.DriverFinder.getPath(DriverFinder.java:13)
at org.openqa.selenium.chrome.ChromeDriver.generateExecutor(ChromeDriver.java:100)
at org.openqa.selenium.chrome.ChromeDriver.<init>(ChromeDriver.java:89)
at org.openqa.selenium.chrome.ChromeDriver.<init>(ChromeDriver.java:84)
at org.openqa.selenium.chrome.ChromeDriver.<init>(ChromeDriver.java:52)
at testNGBasic.CDWithiListener.rcb(CDWithiListener.java:24)
at java.base/jdk.internal.reflect.DirectMethodHandleAccessor.invoke(DirectMethodHandleAccessor.java:103)
at java.base/java.lang.reflect.Method.invoke(Method.java:580)
at org.testng.internal.invokers.MethodInvocationHelper.invokeMethod(MethodInvocationHelper.java:141)
at org.testng.internal.invokers.InvokeMethodRunnable.runOne(InvokeMethodRunnable.java:47)
at org.testng.internal.invokers.InvokeMethodRunnable.call(InvokeMethodRunnable.java:76)
at org.testng.internal.invokers.InvokeMethodRunnable.call(InvokeMethodRunnable.java:11)
at java.base/java.util.concurrent.FutureTask.run(FutureTask.java:317)
at java.base/java.util.concurrent.ThreadPoolExecutor.runWorker(ThreadPoolExecutor.java:1144)
at java.base/java.util.concurrent.ThreadPoolExecutor$Worker.run(ThreadPoolExecutor.java:642)
at java.base/java.lang.Thread.run(Thread.java:1583)
]]>
    </error>
    <system-out>
      <![CDATA[rcbis executed]]>
    </system-out>
  </testcase> <!-- rcb -->
  <system-out>
    <![CDATA[rcbis executed
dominosis executed
My stomach is Hungry]]>
  </system-out>
</testsuite> <!-- testNGBasic.CDWithiListener -->
