<?xml version="1.0" encoding="UTF-8"?>
<!-- Generated by org.testng.reporters.JUnitReportReporter -->
<testsuite hostname="DESKTOP-KM1M7V7" failures="0" tests="2" name="testNGShoe.Reebok" time="20.380" errors="0" timestamp="2024-07-11T11:42:28 IST" skipped="0">
  <testcase classname="testNGShoe.Reebok" name="reebokShoe" time="11.692"/>
  <testcase classname="testNGShoe.Reebok" name="reebokShoe" time="8.688"/>
</testsuite> <!-- testNGShoe.Reebok -->
