<?xml version="1.0" encoding="UTF-8"?>
<!-- Generated by org.testng.reporters.JUnitReportReporter -->
<testsuite hostname="DESKTOP-KM1M7V7" failures="0" tests="2" name="testNGShoe.Adidas" time="11.424" errors="0" timestamp="2024-07-11T11:42:28 IST" skipped="0">
  <testcase classname="testNGShoe.Adidas" name="adidasShoe" time="3.109"/>
  <testcase classname="testNGShoe.Adidas" name="adidasShoe" time="8.315"/>
</testsuite> <!-- testNGShoe.Adidas -->
