<?xml version="1.0" encoding="UTF-8"?>
<!-- Generated by org.testng.reporters.JUnitReportReporter -->
<testsuite hostname="DESKTOP-KM1M7V7" failures="0" tests="1" name="testNGBasic.ChronoAnnotation" time="0.016" errors="0" timestamp="2024-07-12T10:51:30 IST" skipped="0">
  <testcase classname="testNGBasic.ChronoAnnotation" name="test" time="0.016"/>
</testsuite> <!-- testNGBasic.ChronoAnnotation -->
