<?xml version="1.0" encoding="UTF-8"?>
<!-- Generated by org.testng.reporters.JUnitReportReporter -->
<testsuite hostname="DESKTOP-KM1M7V7" failures="0" tests="2" name="listeners.testcaseBasic" time="13.730" errors="0" timestamp="2024-07-17T14:10:43 IST" skipped="0">
  <testcase classname="listeners.testcaseBasic" name="main2" time="5.439">
    <system-out>
      <![CDATA[onTestStart
main2
onTestSuccess]]>
    </system-out>
  </testcase> <!-- main2 -->
  <testcase classname="listeners.testcaseBasic" name="main1" time="8.291">
    <system-out>
      <![CDATA[onTestStart
main1
onTestSuccess]]>
    </system-out>
  </testcase> <!-- main1 -->
  <system-out>
    <![CDATA[onStart
onTestStart
main1
onTestSuccess
onTestStart
main2
onTestSuccess]]>
  </system-out>
</testsuite> <!-- listeners.testcaseBasic -->
