<?xml version="1.0" encoding="UTF-8"?>
<!-- Generated by org.testng.reporters.JUnitReportReporter -->
<testsuite hostname="DESKTOP-KM1M7V7" failures="0" tests="2" name="testNGShoe.Sparks" time="11.151" errors="0" timestamp="2024-07-11T11:42:28 IST" skipped="0">
  <testcase classname="testNGShoe.Sparks" name="sparksShoe" time="6.098"/>
  <testcase classname="testNGShoe.Sparks" name="sparksShoe" time="5.053"/>
</testsuite> <!-- testNGShoe.Sparks -->
