<?xml version="1.0" encoding="UTF-8"?>
<!-- Generated by org.testng.reporters.JUnitReportReporter -->
<testsuite hostname="DESKTOP-KM1M7V7" failures="0" tests="1" name="pageObjectModel.DwsLoginP" time="9.868" errors="0" timestamp="2024-07-17T11:46:36 IST" skipped="0">
  <testcase classname="pageObjectModel.DwsLoginP" name="main" time="9.868"/>
</testsuite> <!-- pageObjectModel.DwsLoginP -->
