<?xml version="1.0" encoding="UTF-8"?>
<!-- Generated by org.testng.reporters.JUnitReportReporter -->
<testsuite hostname="DESKTOP-KM1M7V7" failures="0" tests="1" name="extentReport.SampleReport" time="0.590" errors="0" timestamp="2024-07-29T11:44:58 IST" skipped="0">
  <testcase classname="extentReport.SampleReport" name="BasicReport" time="0.590"/>
</testsuite> <!-- extentReport.SampleReport -->
