<?xml version="1.0" encoding="UTF-8"?>
<!-- Generated by org.testng.reporters.JUnitReportReporter -->
<testsuite hostname="DESKTOP-KM1M7V7" failures="0" tests="1" name="assertion.HardAssert" time="9.190" errors="0" timestamp="2024-07-16T11:24:02 IST" skipped="0">
  <testcase classname="assertion.HardAssert" name="main" time="9.190"/>
</testsuite> <!-- assertion.HardAssert -->
