<?xml version="1.0" encoding="UTF-8"?>
<!-- Generated by org.testng.reporters.JUnitReportReporter -->
<testsuite hostname="DESKTOP-KM1M7V7" failures="0" tests="2" name="testNGBike.RoyalUnifield" time="24.310" errors="0" timestamp="2024-07-11T11:42:28 IST" skipped="0">
  <testcase classname="testNGBike.RoyalUnifield" name="riyalUnifieldBike" time="9.961"/>
  <testcase classname="testNGBike.RoyalUnifield" name="riyalUnifieldBike" time="14.349"/>
</testsuite> <!-- testNGBike.RoyalUnifield -->
