<?xml version="1.0" encoding="UTF-8"?>
<!-- Generated by org.testng.reporters.JUnitReportReporter -->
<testsuite hostname="DESKTOP-KM1M7V7" failures="0" tests="2" name="dataProviderAnno.DataProviderExcel" time="14.840" errors="0" timestamp="2024-07-15T11:46:07 IST" skipped="0">
  <testcase classname="dataProviderAnno.DataProviderExcel" name="receiver" time="8.784"/>
  <testcase classname="dataProviderAnno.DataProviderExcel" name="receiver" time="6.056"/>
</testsuite> <!-- dataProviderAnno.DataProviderExcel -->
