<?xml version="1.0" encoding="UTF-8"?>
<!-- Generated by org.testng.reporters.JUnitReportReporter -->
<testsuite hostname="DESKTOP-KM1M7V7" failures="0" tests="2" name="testNGBike.Honda" time="23.866" errors="0" timestamp="2024-07-11T11:42:28 IST" skipped="0">
  <testcase classname="testNGBike.Honda" name="hondaBike" time="4.202"/>
  <testcase classname="testNGBike.Honda" name="hondaBike" time="19.664"/>
</testsuite> <!-- testNGBike.Honda -->
