<?xml version="1.0" encoding="UTF-8"?>
<!-- Generated by org.testng.reporters.JUnitReportReporter -->
<testsuite hostname="DESKTOP-KM1M7V7" failures="0" tests="1" name="pageObjectModel.RegisterDWS" time="9.279" errors="0" timestamp="2024-07-17T19:11:30 IST" skipped="0">
  <testcase classname="pageObjectModel.RegisterDWS" name="Main" time="9.279"/>
</testsuite> <!-- pageObjectModel.RegisterDWS -->
