<?xml version="1.0" encoding="UTF-8"?>
<!-- Generated by org.testng.reporters.JUnitReportReporter -->
<testsuite hostname="DESKTOP-KM1M7V7" failures="0" tests="2" name="testNGShoe.Puma" time="32.746" errors="0" timestamp="2024-07-11T11:42:28 IST" skipped="0">
  <testcase classname="testNGShoe.Puma" name="pumaShoe" time="15.188"/>
  <testcase classname="testNGShoe.Puma" name="pumaShoe" time="17.558"/>
</testsuite> <!-- testNGShoe.Puma -->
