<?xml version="1.0" encoding="UTF-8"?>
<!-- Generated by org.testng.reporters.JUnitReportReporter -->
<testsuite hostname="DESKTOP-KM1M7V7" failures="0" tests="1" name="iretryAnalyzer.NetworkFailure" time="10.295" errors="0" timestamp="2024-07-20T11:21:42 IST" skipped="0">
  <testcase classname="iretryAnalyzer.NetworkFailure" name="executeOneMoreTime" time="10.295"/>
</testsuite> <!-- iretryAnalyzer.NetworkFailure -->
