<?xml version="1.0" encoding="UTF-8"?>
<!-- Generated by org.testng.reporters.JUnitReportReporter -->
<testsuite hostname="DESKTOP-KM1M7V7" failures="0" tests="1" name="taskddt.Launch" time="5.357" errors="0" timestamp="2024-07-09T12:18:49 IST" skipped="0">
  <testcase classname="taskddt.Launch" name="main" time="5.357"/>
</testsuite> <!-- taskddt.Launch -->
