<?xml version="1.0" encoding="UTF-8"?>
<!-- Generated by org.testng.reporters.JUnitReportReporter -->
<testsuite hostname="DESKTOP-KM1M7V7" failures="0" tests="2" name="testNGBike.Unicorn" time="6.515" errors="0" timestamp="2024-07-11T11:42:28 IST" skipped="0">
  <testcase classname="testNGBike.Unicorn" name="unicornBike" time="3.265"/>
  <testcase classname="testNGBike.Unicorn" name="unicornBike" time="3.250"/>
</testsuite> <!-- testNGBike.Unicorn -->
