<?xml version="1.0" encoding="UTF-8"?>
<!-- Generated by org.testng.reporters.JUnitReportReporter -->
<testsuite hostname="DESKTOP-KM1M7V7" failures="0" tests="2" name="testNGBike.KTM" time="36.452" errors="0" timestamp="2024-07-11T11:42:28 IST" skipped="0">
  <testcase classname="testNGBike.KTM" name="ktmBike" time="20.901"/>
  <testcase classname="testNGBike.KTM" name="ktmBike" time="15.551"/>
</testsuite> <!-- testNGBike.KTM -->
