<?xml version="1.0" encoding="UTF-8"?>
<!-- Generated by org.testng.reporters.JUnitReportReporter -->
<testsuite hostname="DESKTOP-KM1M7V7" failures="0" tests="2" name="dataProviderAnno.CustomerReq" time="14.008" errors="0" timestamp="2024-07-15T12:01:55 IST" skipped="0">
  <testcase classname="dataProviderAnno.CustomerReq" name="receiver" time="6.726"/>
  <testcase classname="dataProviderAnno.CustomerReq" name="receiver" time="7.282"/>
</testsuite> <!-- dataProviderAnno.CustomerReq -->
