<?xml version="1.0" encoding="UTF-8"?>
<!-- Generated by org.testng.reporters.JUnitReportReporter -->
<testsuite hostname="DESKTOP-KM1M7V7" failures="0" tests="2" name="dataProviderAnno.StoreData" time="0.022" errors="0" timestamp="2024-07-15T10:54:35 IST" skipped="0">
  <testcase classname="dataProviderAnno.StoreData" name="receiver" time="0.016"/>
  <testcase classname="dataProviderAnno.StoreData" name="receiver" time="0.006"/>
</testsuite> <!-- dataProviderAnno.StoreData -->
