<?xml version="1.0" encoding="UTF-8"?>
<!-- Generated by org.testng.reporters.JUnitReportReporter -->
<testsuite hostname="DESKTOP-KM1M7V7" failures="0" tests="2" name="testNGBike.TVS" time="13.130" errors="0" timestamp="2024-07-11T11:42:28 IST" skipped="0">
  <testcase classname="testNGBike.TVS" name="tvsBike" time="2.498"/>
  <testcase classname="testNGBike.TVS" name="tvsBike" time="10.632"/>
</testsuite> <!-- testNGBike.TVS -->
