<?xml version="1.0" encoding="UTF-8"?>
<!-- Generated by org.testng.reporters.JUnitReportReporter -->
<testsuite hostname="DESKTOP-KM1M7V7" failures="0" tests="2" name="testNGShoe.Bata" time="19.806" errors="0" timestamp="2024-07-11T11:42:28 IST" skipped="0">
  <testcase classname="testNGShoe.Bata" name="bataShoe" time="8.855"/>
  <testcase classname="testNGShoe.Bata" name="bataShoe" time="10.951"/>
</testsuite> <!-- testNGShoe.Bata -->
